2021-07-16 18:59:20 [main] INFO  c.m.d.t.t.k.s.TwitterToKafkaServiceApplication - Starting TwitterToKafkaServiceApplication using Java 11.0.7 on swastiks-MBP.users.condointernet.net with PID 7160 (/Users/swastiksabat/Downloads/microservices-demo/twitter-to-kafka-service/target/classes started by swastiksabat in /Users/swastiksabat/Downloads/microservices-demo/twitter-to-kafka-service)
2021-07-16 18:59:20 [main] INFO  c.m.d.t.t.k.s.TwitterToKafkaServiceApplication - No active profile set, falling back to default profiles: default
2021-07-16 18:59:20 [main] INFO  c.m.d.t.t.k.s.TwitterToKafkaServiceApplication - Started TwitterToKafkaServiceApplication in 0.886 seconds (JVM running for 1.459)
2021-07-16 18:59:20 [main] INFO  c.m.d.t.t.k.s.TwitterToKafkaServiceApplication - Application started
2021-07-16 18:59:20 [main] INFO  o.s.b.a.l.ConditionEvaluationReportLoggingListener - 

Error starting ApplicationContext. To display the conditions report re-run your application with 'debug' enabled.
2021-07-16 18:59:20 [main] ERROR o.s.boot.SpringApplication - Application run failed
java.lang.IllegalStateException: Failed to execute CommandLineRunner
	at org.springframework.boot.SpringApplication.callRunner(SpringApplication.java:794)
	at org.springframework.boot.SpringApplication.callRunners(SpringApplication.java:775)
	at org.springframework.boot.SpringApplication.run(SpringApplication.java:345)
	at org.springframework.boot.SpringApplication.run(SpringApplication.java:1343)
	at org.springframework.boot.SpringApplication.run(SpringApplication.java:1332)
	at com.microservices.demo.twitter.to.kafka.service.TwitterToKafkaServiceApplication.main(TwitterToKafkaServiceApplication.java:26)
Caused by: java.lang.NullPointerException: null
	at com.microservices.demo.twitter.to.kafka.service.TwitterToKafkaServiceApplication.run(TwitterToKafkaServiceApplication.java:33)
	at org.springframework.boot.SpringApplication.callRunner(SpringApplication.java:791)
	... 5 common frames omitted
2021-07-16 19:00:07 [main] INFO  c.m.d.t.t.k.s.TwitterToKafkaServiceApplication - Starting TwitterToKafkaServiceApplication using Java 11.0.7 on swastiks-MBP.users.condointernet.net with PID 7317 (/Users/swastiksabat/Downloads/microservices-demo/twitter-to-kafka-service/target/classes started by swastiksabat in /Users/swastiksabat/Downloads/microservices-demo/twitter-to-kafka-service)
2021-07-16 19:00:07 [main] INFO  c.m.d.t.t.k.s.TwitterToKafkaServiceApplication - No active profile set, falling back to default profiles: default
2021-07-16 19:00:07 [main] INFO  c.m.d.t.t.k.s.TwitterToKafkaServiceApplication - Started TwitterToKafkaServiceApplication in 0.74 seconds (JVM running for 1.286)
2021-07-16 19:00:07 [main] INFO  c.m.d.t.t.k.s.TwitterToKafkaServiceApplication - Application started
2021-07-16 19:02:40 [main] INFO  c.m.d.t.t.k.s.TwitterToKafkaServiceApplication - Starting TwitterToKafkaServiceApplication using Java 11.0.7 on swastiks-MBP.users.condointernet.net with PID 8217 (/Users/swastiksabat/Downloads/microservices-demo/twitter-to-kafka-service/target/classes started by swastiksabat in /Users/swastiksabat/Downloads/microservices-demo/twitter-to-kafka-service)
2021-07-16 19:02:40 [main] INFO  c.m.d.t.t.k.s.TwitterToKafkaServiceApplication - No active profile set, falling back to default profiles: default
2021-07-16 19:02:42 [main] INFO  c.m.d.t.t.k.s.TwitterToKafkaServiceApplication - Started TwitterToKafkaServiceApplication in 3.173 seconds (JVM running for 4.186)
2021-07-16 19:02:42 [main] INFO  c.m.d.t.t.k.s.TwitterToKafkaServiceApplication - Application started
2021-07-16 19:09:52 [main] INFO  o.s.b.t.c.SpringBootTestContextBootstrapper - Neither @ContextConfiguration nor @ContextHierarchy found for test class [com.microservices.demo.twitter.to.kafka.service.TwitterToKafkaServiceApplicationTests], using SpringBootContextLoader
2021-07-16 19:09:52 [main] INFO  o.s.t.c.s.AbstractContextLoader - Could not detect default resource locations for test class [com.microservices.demo.twitter.to.kafka.service.TwitterToKafkaServiceApplicationTests]: no resource found for suffixes {-context.xml, Context.groovy}.
2021-07-16 19:09:52 [main] INFO  o.s.t.c.s.AnnotationConfigContextLoaderUtils - Could not detect default configuration classes for test class [com.microservices.demo.twitter.to.kafka.service.TwitterToKafkaServiceApplicationTests]: TwitterToKafkaServiceApplicationTests does not declare any static, non-private, non-final, nested classes annotated with @Configuration.
2021-07-16 19:09:52 [main] INFO  o.s.b.t.c.SpringBootTestContextBootstrapper - Found @SpringBootConfiguration com.microservices.demo.twitter.to.kafka.service.TwitterToKafkaServiceApplication for test class com.microservices.demo.twitter.to.kafka.service.TwitterToKafkaServiceApplicationTests
2021-07-16 19:09:52 [main] INFO  o.s.b.t.c.SpringBootTestContextBootstrapper - Loaded default TestExecutionListener class names from location [META-INF/spring.factories]: [org.springframework.boot.test.mock.mockito.MockitoTestExecutionListener, org.springframework.boot.test.mock.mockito.ResetMocksTestExecutionListener, org.springframework.boot.test.autoconfigure.restdocs.RestDocsTestExecutionListener, org.springframework.boot.test.autoconfigure.web.client.MockRestServiceServerResetTestExecutionListener, org.springframework.boot.test.autoconfigure.web.servlet.MockMvcPrintOnlyOnFailureTestExecutionListener, org.springframework.boot.test.autoconfigure.web.servlet.WebDriverTestExecutionListener, org.springframework.boot.test.autoconfigure.webservices.client.MockWebServiceServerTestExecutionListener, org.springframework.test.context.web.ServletTestExecutionListener, org.springframework.test.context.support.DirtiesContextBeforeModesTestExecutionListener, org.springframework.test.context.event.ApplicationEventsTestExecutionListener, org.springframework.test.context.support.DependencyInjectionTestExecutionListener, org.springframework.test.context.support.DirtiesContextTestExecutionListener, org.springframework.test.context.transaction.TransactionalTestExecutionListener, org.springframework.test.context.jdbc.SqlScriptsTestExecutionListener, org.springframework.test.context.event.EventPublishingTestExecutionListener]
2021-07-16 19:09:52 [main] INFO  o.s.b.t.c.SpringBootTestContextBootstrapper - Using TestExecutionListeners: [org.springframework.test.context.support.DirtiesContextBeforeModesTestExecutionListener@1de5f0ef, org.springframework.test.context.event.ApplicationEventsTestExecutionListener@376a312c, org.springframework.boot.test.mock.mockito.MockitoTestExecutionListener@28d6290, org.springframework.boot.test.autoconfigure.SpringBootDependencyInjectionTestExecutionListener@6ca0256d, org.springframework.test.context.support.DirtiesContextTestExecutionListener@5ef0d29e, org.springframework.test.context.event.EventPublishingTestExecutionListener@38f57b3d, org.springframework.boot.test.mock.mockito.ResetMocksTestExecutionListener@51850751, org.springframework.boot.test.autoconfigure.restdocs.RestDocsTestExecutionListener@3ce3db41, org.springframework.boot.test.autoconfigure.web.client.MockRestServiceServerResetTestExecutionListener@64df9a61, org.springframework.boot.test.autoconfigure.web.servlet.MockMvcPrintOnlyOnFailureTestExecutionListener@77602954, org.springframework.boot.test.autoconfigure.web.servlet.WebDriverTestExecutionListener@e260766, org.springframework.boot.test.autoconfigure.webservices.client.MockWebServiceServerTestExecutionListener@2c3dec30]
2021-07-16 19:09:52 [main] INFO  c.m.d.t.t.k.s.TwitterToKafkaServiceApplicationTests - Starting TwitterToKafkaServiceApplicationTests using Java 11.0.7 on swastiks-MBP.users.condointernet.net with PID 9647 (started by swastiksabat in /Users/swastiksabat/Downloads/microservices-demo/twitter-to-kafka-service)
2021-07-16 19:09:52 [main] INFO  c.m.d.t.t.k.s.TwitterToKafkaServiceApplicationTests - No active profile set, falling back to default profiles: default
2021-07-16 19:09:53 [main] INFO  c.m.d.t.t.k.s.TwitterToKafkaServiceApplicationTests - Started TwitterToKafkaServiceApplicationTests in 0.727 seconds (JVM running for 1.659)
2021-07-16 19:09:53 [main] INFO  c.m.d.t.t.k.s.TwitterToKafkaServiceApplication - Application started
2021-07-16 19:09:53 [main] INFO  c.m.d.t.t.k.s.TwitterToKafkaServiceApplication - [Java, Microservices, Kafka, Elasticsearch]
2021-07-16 19:10:02 [main] INFO  o.s.b.t.c.SpringBootTestContextBootstrapper - Neither @ContextConfiguration nor @ContextHierarchy found for test class [com.microservices.demo.twitter.to.kafka.service.TwitterToKafkaServiceApplicationTests], using SpringBootContextLoader
2021-07-16 19:10:02 [main] INFO  o.s.t.c.s.AbstractContextLoader - Could not detect default resource locations for test class [com.microservices.demo.twitter.to.kafka.service.TwitterToKafkaServiceApplicationTests]: no resource found for suffixes {-context.xml, Context.groovy}.
2021-07-16 19:10:02 [main] INFO  o.s.t.c.s.AnnotationConfigContextLoaderUtils - Could not detect default configuration classes for test class [com.microservices.demo.twitter.to.kafka.service.TwitterToKafkaServiceApplicationTests]: TwitterToKafkaServiceApplicationTests does not declare any static, non-private, non-final, nested classes annotated with @Configuration.
2021-07-16 19:10:02 [main] INFO  o.s.b.t.c.SpringBootTestContextBootstrapper - Found @SpringBootConfiguration com.microservices.demo.twitter.to.kafka.service.TwitterToKafkaServiceApplication for test class com.microservices.demo.twitter.to.kafka.service.TwitterToKafkaServiceApplicationTests
2021-07-16 19:10:03 [main] INFO  o.s.b.t.c.SpringBootTestContextBootstrapper - Loaded default TestExecutionListener class names from location [META-INF/spring.factories]: [org.springframework.boot.test.mock.mockito.MockitoTestExecutionListener, org.springframework.boot.test.mock.mockito.ResetMocksTestExecutionListener, org.springframework.boot.test.autoconfigure.restdocs.RestDocsTestExecutionListener, org.springframework.boot.test.autoconfigure.web.client.MockRestServiceServerResetTestExecutionListener, org.springframework.boot.test.autoconfigure.web.servlet.MockMvcPrintOnlyOnFailureTestExecutionListener, org.springframework.boot.test.autoconfigure.web.servlet.WebDriverTestExecutionListener, org.springframework.boot.test.autoconfigure.webservices.client.MockWebServiceServerTestExecutionListener, org.springframework.test.context.web.ServletTestExecutionListener, org.springframework.test.context.support.DirtiesContextBeforeModesTestExecutionListener, org.springframework.test.context.event.ApplicationEventsTestExecutionListener, org.springframework.test.context.support.DependencyInjectionTestExecutionListener, org.springframework.test.context.support.DirtiesContextTestExecutionListener, org.springframework.test.context.transaction.TransactionalTestExecutionListener, org.springframework.test.context.jdbc.SqlScriptsTestExecutionListener, org.springframework.test.context.event.EventPublishingTestExecutionListener]
2021-07-16 19:10:03 [main] INFO  o.s.b.t.c.SpringBootTestContextBootstrapper - Using TestExecutionListeners: [org.springframework.test.context.support.DirtiesContextBeforeModesTestExecutionListener@1de5f0ef, org.springframework.test.context.event.ApplicationEventsTestExecutionListener@376a312c, org.springframework.boot.test.mock.mockito.MockitoTestExecutionListener@28d6290, org.springframework.boot.test.autoconfigure.SpringBootDependencyInjectionTestExecutionListener@6ca0256d, org.springframework.test.context.support.DirtiesContextTestExecutionListener@5ef0d29e, org.springframework.test.context.event.EventPublishingTestExecutionListener@38f57b3d, org.springframework.boot.test.mock.mockito.ResetMocksTestExecutionListener@51850751, org.springframework.boot.test.autoconfigure.restdocs.RestDocsTestExecutionListener@3ce3db41, org.springframework.boot.test.autoconfigure.web.client.MockRestServiceServerResetTestExecutionListener@64df9a61, org.springframework.boot.test.autoconfigure.web.servlet.MockMvcPrintOnlyOnFailureTestExecutionListener@77602954, org.springframework.boot.test.autoconfigure.web.servlet.WebDriverTestExecutionListener@e260766, org.springframework.boot.test.autoconfigure.webservices.client.MockWebServiceServerTestExecutionListener@2c3dec30]
2021-07-16 19:10:03 [main] INFO  c.m.d.t.t.k.s.TwitterToKafkaServiceApplicationTests - Starting TwitterToKafkaServiceApplicationTests using Java 11.0.7 on swastiks-MBP.users.condointernet.net with PID 9695 (started by swastiksabat in /Users/swastiksabat/Downloads/microservices-demo/twitter-to-kafka-service)
2021-07-16 19:10:03 [main] INFO  c.m.d.t.t.k.s.TwitterToKafkaServiceApplicationTests - No active profile set, falling back to default profiles: default
2021-07-16 19:10:03 [main] INFO  c.m.d.t.t.k.s.TwitterToKafkaServiceApplicationTests - Started TwitterToKafkaServiceApplicationTests in 0.646 seconds (JVM running for 1.502)
2021-07-16 19:10:03 [main] INFO  c.m.d.t.t.k.s.TwitterToKafkaServiceApplication - Application started
2021-07-16 19:10:03 [main] INFO  c.m.d.t.t.k.s.TwitterToKafkaServiceApplication - [Java, Microservices, Kafka, Elasticsearch]
2021-07-16 19:10:19 [main] INFO  o.s.b.t.c.SpringBootTestContextBootstrapper - Neither @ContextConfiguration nor @ContextHierarchy found for test class [com.microservices.demo.twitter.to.kafka.service.TwitterToKafkaServiceApplicationTests], using SpringBootContextLoader
2021-07-16 19:10:19 [main] INFO  o.s.t.c.s.AbstractContextLoader - Could not detect default resource locations for test class [com.microservices.demo.twitter.to.kafka.service.TwitterToKafkaServiceApplicationTests]: no resource found for suffixes {-context.xml, Context.groovy}.
2021-07-16 19:10:19 [main] INFO  o.s.t.c.s.AnnotationConfigContextLoaderUtils - Could not detect default configuration classes for test class [com.microservices.demo.twitter.to.kafka.service.TwitterToKafkaServiceApplicationTests]: TwitterToKafkaServiceApplicationTests does not declare any static, non-private, non-final, nested classes annotated with @Configuration.
2021-07-16 19:10:19 [main] INFO  o.s.b.t.c.SpringBootTestContextBootstrapper - Found @SpringBootConfiguration com.microservices.demo.twitter.to.kafka.service.TwitterToKafkaServiceApplication for test class com.microservices.demo.twitter.to.kafka.service.TwitterToKafkaServiceApplicationTests
2021-07-16 19:10:19 [main] INFO  o.s.b.t.c.SpringBootTestContextBootstrapper - Loaded default TestExecutionListener class names from location [META-INF/spring.factories]: [org.springframework.boot.test.mock.mockito.MockitoTestExecutionListener, org.springframework.boot.test.mock.mockito.ResetMocksTestExecutionListener, org.springframework.boot.test.autoconfigure.restdocs.RestDocsTestExecutionListener, org.springframework.boot.test.autoconfigure.web.client.MockRestServiceServerResetTestExecutionListener, org.springframework.boot.test.autoconfigure.web.servlet.MockMvcPrintOnlyOnFailureTestExecutionListener, org.springframework.boot.test.autoconfigure.web.servlet.WebDriverTestExecutionListener, org.springframework.boot.test.autoconfigure.webservices.client.MockWebServiceServerTestExecutionListener, org.springframework.test.context.web.ServletTestExecutionListener, org.springframework.test.context.support.DirtiesContextBeforeModesTestExecutionListener, org.springframework.test.context.event.ApplicationEventsTestExecutionListener, org.springframework.test.context.support.DependencyInjectionTestExecutionListener, org.springframework.test.context.support.DirtiesContextTestExecutionListener, org.springframework.test.context.transaction.TransactionalTestExecutionListener, org.springframework.test.context.jdbc.SqlScriptsTestExecutionListener, org.springframework.test.context.event.EventPublishingTestExecutionListener]
2021-07-16 19:10:19 [main] INFO  o.s.b.t.c.SpringBootTestContextBootstrapper - Using TestExecutionListeners: [org.springframework.test.context.support.DirtiesContextBeforeModesTestExecutionListener@28d6290, org.springframework.test.context.event.ApplicationEventsTestExecutionListener@6ca0256d, org.springframework.boot.test.mock.mockito.MockitoTestExecutionListener@5ef0d29e, org.springframework.boot.test.autoconfigure.SpringBootDependencyInjectionTestExecutionListener@38f57b3d, org.springframework.test.context.support.DirtiesContextTestExecutionListener@51850751, org.springframework.test.context.event.EventPublishingTestExecutionListener@3ce3db41, org.springframework.boot.test.mock.mockito.ResetMocksTestExecutionListener@64df9a61, org.springframework.boot.test.autoconfigure.restdocs.RestDocsTestExecutionListener@77602954, org.springframework.boot.test.autoconfigure.web.client.MockRestServiceServerResetTestExecutionListener@e260766, org.springframework.boot.test.autoconfigure.web.servlet.MockMvcPrintOnlyOnFailureTestExecutionListener@2c3dec30, org.springframework.boot.test.autoconfigure.web.servlet.WebDriverTestExecutionListener@34a97744, org.springframework.boot.test.autoconfigure.webservices.client.MockWebServiceServerTestExecutionListener@4275c20c]
2021-07-16 19:10:19 [main] INFO  c.m.d.t.t.k.s.TwitterToKafkaServiceApplicationTests - Starting TwitterToKafkaServiceApplicationTests using Java 11.0.7 on swastiks-MBP.users.condointernet.net with PID 9750 (started by swastiksabat in /Users/swastiksabat/Downloads/microservices-demo/twitter-to-kafka-service)
2021-07-16 19:10:19 [main] INFO  c.m.d.t.t.k.s.TwitterToKafkaServiceApplicationTests - No active profile set, falling back to default profiles: default
2021-07-16 19:10:20 [main] INFO  c.m.d.t.t.k.s.TwitterToKafkaServiceApplicationTests - Started TwitterToKafkaServiceApplicationTests in 0.66 seconds (JVM running for 1.471)
2021-07-16 19:10:20 [main] INFO  c.m.d.t.t.k.s.TwitterToKafkaServiceApplication - Application started
2021-07-16 19:10:20 [main] INFO  c.m.d.t.t.k.s.TwitterToKafkaServiceApplication - [Java, Microservices, Kafka, Elasticsearch]
2021-07-16 19:18:17 [main] INFO  c.m.d.t.t.k.s.TwitterToKafkaServiceApplication - Starting TwitterToKafkaServiceApplication using Java 11.0.7 on swastiks-MBP.users.condointernet.net with PID 11300 (/Users/swastiksabat/Downloads/microservices-demo/twitter-to-kafka-service/target/classes started by swastiksabat in /Users/swastiksabat/Downloads/microservices-demo/twitter-to-kafka-service)
2021-07-16 19:18:17 [main] INFO  c.m.d.t.t.k.s.TwitterToKafkaServiceApplication - No active profile set, falling back to default profiles: default
2021-07-16 19:18:21 [main] INFO  c.m.d.t.t.k.s.TwitterToKafkaServiceApplication - Started TwitterToKafkaServiceApplication in 3.942 seconds (JVM running for 4.926)
2021-07-16 19:18:21 [main] INFO  c.m.d.t.t.k.s.TwitterToKafkaServiceApplication - Application started
2021-07-16 19:18:32 [main] INFO  c.m.d.t.t.k.s.TwitterToKafkaServiceApplication - [Java, Microservices, Kafka, Elasticsearch]
