2021-08-12 23:32:10 [main] INFO  c.m.d.t.t.k.s.TwitterToKafkaServiceApplication - Starting TwitterToKafkaServiceApplication using Java 11.0.7 on swastiks-MBP.users.condointernet.net with PID 2289 (/Users/swastiksabat/Downloads/microservices-demo/twitter-to-kafka-service/target/classes started by swastiksabat in /Users/swastiksabat/Downloads/microservices-demo/twitter-to-kafka-service)
2021-08-12 23:32:10 [main] INFO  c.m.d.t.t.k.s.TwitterToKafkaServiceApplication - No active profile set, falling back to default profiles: default
2021-08-12 23:32:11 [main] INFO  o.a.k.c.admin.AdminClientConfig - AdminClientConfig values: 
	bootstrap.servers = [localhost:39092]
	client.dns.lookup = use_all_dns_ips
	client.id = 
	connections.max.idle.ms = 300000
	default.api.timeout.ms = 60000
	metadata.max.age.ms = 300000
	metric.reporters = []
	metrics.num.samples = 2
	metrics.recording.level = INFO
	metrics.sample.window.ms = 30000
	receive.buffer.bytes = 65536
	reconnect.backoff.max.ms = 1000
	reconnect.backoff.ms = 50
	request.timeout.ms = 30000
	retries = 2147483647
	retry.backoff.ms = 100
	sasl.client.callback.handler.class = null
	sasl.jaas.config = null
	sasl.kerberos.kinit.cmd = /usr/bin/kinit
	sasl.kerberos.min.time.before.relogin = 60000
	sasl.kerberos.service.name = null
	sasl.kerberos.ticket.renew.jitter = 0.05
	sasl.kerberos.ticket.renew.window.factor = 0.8
	sasl.login.callback.handler.class = null
	sasl.login.class = null
	sasl.login.refresh.buffer.seconds = 300
	sasl.login.refresh.min.period.seconds = 60
	sasl.login.refresh.window.factor = 0.8
	sasl.login.refresh.window.jitter = 0.05
	sasl.mechanism = GSSAPI
	security.protocol = PLAINTEXT
	security.providers = null
	send.buffer.bytes = 131072
	socket.connection.setup.timeout.max.ms = 127000
	socket.connection.setup.timeout.ms = 10000
	ssl.cipher.suites = null
	ssl.enabled.protocols = [TLSv1.2, TLSv1.3]
	ssl.endpoint.identification.algorithm = https
	ssl.engine.factory.class = null
	ssl.key.password = null
	ssl.keymanager.algorithm = SunX509
	ssl.keystore.certificate.chain = null
	ssl.keystore.key = null
	ssl.keystore.location = null
	ssl.keystore.password = null
	ssl.keystore.type = JKS
	ssl.protocol = TLSv1.3
	ssl.provider = null
	ssl.secure.random.implementation = null
	ssl.trustmanager.algorithm = PKIX
	ssl.truststore.certificates = null
	ssl.truststore.location = null
	ssl.truststore.password = null
	ssl.truststore.type = JKS

2021-08-12 23:32:11 [main] INFO  o.a.kafka.common.utils.AppInfoParser - Kafka version: 2.7.1
2021-08-12 23:32:11 [main] INFO  o.a.kafka.common.utils.AppInfoParser - Kafka commitId: 61dbce85d0d41457
2021-08-12 23:32:11 [main] INFO  o.a.kafka.common.utils.AppInfoParser - Kafka startTimeMs: 1628836331816
2021-08-12 23:32:12 [main] INFO  o.s.b.w.e.netty.NettyWebServer - Netty started on port 8080
2021-08-12 23:32:12 [main] INFO  c.m.d.t.t.k.s.TwitterToKafkaServiceApplication - Started TwitterToKafkaServiceApplication in 2.241 seconds (JVM running for 2.847)
2021-08-12 23:32:12 [main] INFO  c.m.d.t.t.k.s.TwitterToKafkaServiceApplication - Application started
2021-08-12 23:32:12 [main] INFO  c.m.d.common.client.KafkaAdminClient - createing 1 topics , attempt0
2021-08-12 23:32:12 [main] INFO  c.m.d.common.client.KafkaAdminClient - reading kafka topics [twitter-topic], attempt0
2021-08-12 23:32:13 [main] INFO  c.m.d.t.t.k.s.i.i.KafkaStreamInitializer - Topics with name twitter-topic are ready for operation
2021-08-12 23:32:13 [main] INFO  c.m.d.t.t.k.s.r.i.TwitterKafkaStreamRunner - started filtering keywords
2021-08-12 23:32:13 [Twitter Stream consumer /  [1][initializing]] INFO  twitter4j.TwitterStreamImpl - Establishing connection.
2021-08-12 23:32:19 [Twitter Stream consumer /  [1][Establishing connection]] INFO  twitter4j.TwitterStreamImpl - Connection established.
2021-08-12 23:32:19 [Twitter Stream consumer /  [1][Establishing connection]] INFO  twitter4j.TwitterStreamImpl - Receiving status stream.
2021-08-12 23:32:19 [Twitter4J Async Dispatcher[0]] INFO  c.m.d.t.t.k.s.l.TwitterKafkaStatusListener - Twitter status with textRT @papakrab: เสือโคร่งในโลกมีสายพันธุ์ย่อย 9 ชนิด (subspecies) สูญพันธุ์ ไปแล้ว 3 ชนิด คือ Caspian, Bali และ Java ปัจจุบัน เหลือ 6 ชนิด มี…
2021-08-12 23:32:19 [Twitter4J Async Dispatcher[0]] INFO  c.m.d.k.p.c.s.i.TwitterKafkaProducer - Sending message='{"userId": 2359303969, "id": 1426069064959488001, "text": "RT @papakrab: เสือโคร่งในโลกมีสายพันธุ์ย่อย 9 ชนิด (subspecies) สูญพันธุ์ ไปแล้ว 3 ชนิด คือ Caspian, Bali และ Java ปัจจุบัน เหลือ 6 ชนิด มี\u2026", "createdAt": 1628836334000}' to topic 'twitter-topic'
2021-08-12 23:32:19 [Twitter4J Async Dispatcher[0]] INFO  o.a.k.c.producer.ProducerConfig - ProducerConfig values: 
	acks = -1
	batch.size = 1638400
	bootstrap.servers = [localhost:39092]
	buffer.memory = 33554432
	client.dns.lookup = use_all_dns_ips
	client.id = producer-1
	compression.type = snappy
	connections.max.idle.ms = 540000
	delivery.timeout.ms = 120000
	enable.idempotence = false
	interceptor.classes = []
	internal.auto.downgrade.txn.commit = true
	key.serializer = class org.apache.kafka.common.serialization.LongSerializer
	linger.ms = 5
	max.block.ms = 60000
	max.in.flight.requests.per.connection = 5
	max.request.size = 1048576
	metadata.max.age.ms = 300000
	metadata.max.idle.ms = 300000
	metric.reporters = []
	metrics.num.samples = 2
	metrics.recording.level = INFO
	metrics.sample.window.ms = 30000
	partitioner.class = class org.apache.kafka.clients.producer.internals.DefaultPartitioner
	receive.buffer.bytes = 32768
	reconnect.backoff.max.ms = 1000
	reconnect.backoff.ms = 50
	request.timeout.ms = 60000
	retries = 5
	retry.backoff.ms = 100
	sasl.client.callback.handler.class = null
	sasl.jaas.config = null
	sasl.kerberos.kinit.cmd = /usr/bin/kinit
	sasl.kerberos.min.time.before.relogin = 60000
	sasl.kerberos.service.name = null
	sasl.kerberos.ticket.renew.jitter = 0.05
	sasl.kerberos.ticket.renew.window.factor = 0.8
	sasl.login.callback.handler.class = null
	sasl.login.class = null
	sasl.login.refresh.buffer.seconds = 300
	sasl.login.refresh.min.period.seconds = 60
	sasl.login.refresh.window.factor = 0.8
	sasl.login.refresh.window.jitter = 0.05
	sasl.mechanism = GSSAPI
	security.protocol = PLAINTEXT
	security.providers = null
	send.buffer.bytes = 131072
	socket.connection.setup.timeout.max.ms = 127000
	socket.connection.setup.timeout.ms = 10000
	ssl.cipher.suites = null
	ssl.enabled.protocols = [TLSv1.2, TLSv1.3]
	ssl.endpoint.identification.algorithm = https
	ssl.engine.factory.class = null
	ssl.key.password = null
	ssl.keymanager.algorithm = SunX509
	ssl.keystore.certificate.chain = null
	ssl.keystore.key = null
	ssl.keystore.location = null
	ssl.keystore.password = null
	ssl.keystore.type = JKS
	ssl.protocol = TLSv1.3
	ssl.provider = null
	ssl.secure.random.implementation = null
	ssl.trustmanager.algorithm = PKIX
	ssl.truststore.certificates = null
	ssl.truststore.location = null
	ssl.truststore.password = null
	ssl.truststore.type = JKS
	transaction.timeout.ms = 60000
	transactional.id = null
	value.serializer = class io.confluent.kafka.serializers.KafkaAvroSerializer

2021-08-12 23:32:19 [Twitter4J Async Dispatcher[0]] INFO  i.c.k.s.KafkaAvroSerializerConfig - KafkaAvroSerializerConfig values: 
	auto.register.schemas = true
	avro.reflection.allow.null = false
	avro.remove.java.properties = false
	avro.use.logical.type.converters = false
	basic.auth.credentials.source = URL
	basic.auth.user.info = [hidden]
	bearer.auth.credentials.source = STATIC_TOKEN
	bearer.auth.token = [hidden]
	key.subject.name.strategy = class io.confluent.kafka.serializers.subject.TopicNameStrategy
	latest.compatibility.strict = true
	max.schemas.per.subject = 1000
	proxy.host = 
	proxy.port = -1
	schema.reflection = false
	schema.registry.basic.auth.user.info = [hidden]
	schema.registry.ssl.cipher.suites = null
	schema.registry.ssl.enabled.protocols = [TLSv1.2, TLSv1.3]
	schema.registry.ssl.endpoint.identification.algorithm = https
	schema.registry.ssl.engine.factory.class = null
	schema.registry.ssl.key.password = null
	schema.registry.ssl.keymanager.algorithm = SunX509
	schema.registry.ssl.keystore.certificate.chain = null
	schema.registry.ssl.keystore.key = null
	schema.registry.ssl.keystore.location = null
	schema.registry.ssl.keystore.password = null
	schema.registry.ssl.keystore.type = JKS
	schema.registry.ssl.protocol = TLSv1.3
	schema.registry.ssl.provider = null
	schema.registry.ssl.secure.random.implementation = null
	schema.registry.ssl.trustmanager.algorithm = PKIX
	schema.registry.ssl.truststore.certificates = null
	schema.registry.ssl.truststore.location = null
	schema.registry.ssl.truststore.password = null
	schema.registry.ssl.truststore.type = JKS
	schema.registry.url = [http://localhost:8081]
	use.latest.version = false
	value.subject.name.strategy = class io.confluent.kafka.serializers.subject.TopicNameStrategy

2021-08-12 23:32:20 [Twitter4J Async Dispatcher[0]] INFO  o.a.kafka.common.utils.AppInfoParser - Kafka version: 2.7.1
2021-08-12 23:32:20 [Twitter4J Async Dispatcher[0]] INFO  o.a.kafka.common.utils.AppInfoParser - Kafka commitId: 61dbce85d0d41457
2021-08-12 23:32:20 [Twitter4J Async Dispatcher[0]] INFO  o.a.kafka.common.utils.AppInfoParser - Kafka startTimeMs: 1628836340033
2021-08-12 23:32:20 [kafka-producer-network-thread | producer-1] INFO  org.apache.kafka.clients.Metadata - [Producer clientId=producer-1] Cluster ID: _q7XVEAKRWOb3GXmSKpKXQ
2021-08-12 23:32:27 [Twitter4J Async Dispatcher[0]] INFO  c.m.d.t.t.k.s.l.TwitterKafkaStatusListener - Twitter status with textRT @papakrab: เสือโคร่งในโลกมีสายพันธุ์ย่อย 9 ชนิด (subspecies) สูญพันธุ์ ไปแล้ว 3 ชนิด คือ Caspian, Bali และ Java ปัจจุบัน เหลือ 6 ชนิด มี…
2021-08-12 23:32:27 [Twitter4J Async Dispatcher[0]] INFO  c.m.d.k.p.c.s.i.TwitterKafkaProducer - Sending message='{"userId": 140474255, "id": 1426069096257359873, "text": "RT @papakrab: เสือโคร่งในโลกมีสายพันธุ์ย่อย 9 ชนิด (subspecies) สูญพันธุ์ ไปแล้ว 3 ชนิด คือ Caspian, Bali และ Java ปัจจุบัน เหลือ 6 ชนิด มี\u2026", "createdAt": 1628836342000}' to topic 'twitter-topic'
2021-08-12 23:32:29 [Twitter4J Async Dispatcher[0]] INFO  c.m.d.t.t.k.s.l.TwitterKafkaStatusListener - Twitter status with textRT @x5_atom: Javaをジャバジャバ...
洗いやすい
2021-08-12 23:32:29 [Twitter4J Async Dispatcher[0]] INFO  c.m.d.k.p.c.s.i.TwitterKafkaProducer - Sending message='{"userId": 1318106772859547651, "id": 1426069103417053187, "text": "RT @x5_atom: Javaをジャバジャバ...\n洗いやすい", "createdAt": 1628836343000}' to topic 'twitter-topic'
2021-08-12 23:32:30 [Twitter4J Async Dispatcher[0]] INFO  c.m.d.t.t.k.s.l.TwitterKafkaStatusListener - Twitter status with textRT @Doxyaxone: Adapting to changes of data by building MLOps pipeline in Vertex #AI. #Python #BigData #DataScience #IoT #IIoT #Azure #RStat…
2021-08-12 23:32:30 [Twitter4J Async Dispatcher[0]] INFO  c.m.d.k.p.c.s.i.TwitterKafkaProducer - Sending message='{"userId": 1241498527500509184, "id": 1426069110690140160, "text": "RT @Doxyaxone: Adapting to changes of data by building MLOps pipeline in Vertex #AI. #Python #BigData #DataScience #IoT #IIoT #Azure #RStat\u2026", "createdAt": 1628836345000}' to topic 'twitter-topic'
2021-08-12 23:32:33 [Twitter4J Async Dispatcher[0]] INFO  c.m.d.t.t.k.s.l.TwitterKafkaStatusListener - Twitter status with textRT @java: The upcoming #Java17 release marks the second long-term-support release of the #Java platform since moving to the six-month relea…
2021-08-12 23:32:33 [Twitter4J Async Dispatcher[0]] INFO  c.m.d.k.p.c.s.i.TwitterKafkaProducer - Sending message='{"userId": 1373436585602117633, "id": 1426069115261931520, "text": "RT @java: The upcoming #Java17 release marks the second long-term-support release of the #Java platform since moving to the six-month relea\u2026", "createdAt": 1628836346000}' to topic 'twitter-topic'
2021-08-12 23:32:33 [Twitter4J Async Dispatcher[0]] INFO  c.m.d.t.t.k.s.l.TwitterKafkaStatusListener - Twitter status with text#HackerNews Show HN: Lisp implementation in modern Java, Go, C#, TypeScript, Python (https://t.co/l9b4dxbXIc)
2021-08-12 23:32:33 [Twitter4J Async Dispatcher[0]] INFO  c.m.d.k.p.c.s.i.TwitterKafkaProducer - Sending message='{"userId": 1409187251318259719, "id": 1426069121259565058, "text": "#HackerNews Show HN: Lisp implementation in modern Java, Go, C#, TypeScript, Python (https://t.co/l9b4dxbXIc)", "createdAt": 1628836348000}' to topic 'twitter-topic'
2021-08-12 23:32:33 [Twitter4J Async Dispatcher[0]] INFO  c.m.d.t.t.k.s.l.TwitterKafkaStatusListener - Twitter status with textRT @papakrab: เสือโคร่งในโลกมีสายพันธุ์ย่อย 9 ชนิด (subspecies) สูญพันธุ์ ไปแล้ว 3 ชนิด คือ Caspian, Bali และ Java ปัจจุบัน เหลือ 6 ชนิด มี…
2021-08-12 23:32:33 [Twitter4J Async Dispatcher[0]] INFO  c.m.d.k.p.c.s.i.TwitterKafkaProducer - Sending message='{"userId": 983597965, "id": 1426069122505338887, "text": "RT @papakrab: เสือโคร่งในโลกมีสายพันธุ์ย่อย 9 ชนิด (subspecies) สูญพันธุ์ ไปแล้ว 3 ชนิด คือ Caspian, Bali และ Java ปัจจุบัน เหลือ 6 ชนิด มี\u2026", "createdAt": 1628836348000}' to topic 'twitter-topic'
2021-08-12 23:32:34 [Twitter4J Async Dispatcher[0]] INFO  c.m.d.t.t.k.s.l.TwitterKafkaStatusListener - Twitter status with textRT @hon10684556: おはようです！

マインクラフトJAVA版買いました。
これで配信したり、誰かとコラボできると嬉しいな( ^ω^ )

余談だけどvtuberってみんなスキンを自分の見た目に変えてるけどアザラシってどうするんだろうw🦭

それでは、休日まであと…
2021-08-12 23:32:34 [Twitter4J Async Dispatcher[0]] INFO  c.m.d.k.p.c.s.i.TwitterKafkaProducer - Sending message='{"userId": 1398416347525128194, "id": 1426069124770242564, "text": "RT @hon10684556: おはようです！\n\nマインクラフトJAVA版買いました。\nこれで配信したり、誰かとコラボできると嬉しいな( ^ω^ )\n\n余談だけどvtuberってみんなスキンを自分の見た目に変えてるけどアザラシってどうするんだろうw🦭\n\nそれでは、休日まであと\u2026", "createdAt": 1628836349000}' to topic 'twitter-topic'
2021-08-12 23:32:36 [Twitter4J Async Dispatcher[0]] INFO  c.m.d.t.t.k.s.l.TwitterKafkaStatusListener - Twitter status with textRT @papakrab: เสือโคร่งในโลกมีสายพันธุ์ย่อย 9 ชนิด (subspecies) สูญพันธุ์ ไปแล้ว 3 ชนิด คือ Caspian, Bali และ Java ปัจจุบัน เหลือ 6 ชนิด มี…
2021-08-12 23:32:36 [Twitter4J Async Dispatcher[0]] INFO  c.m.d.k.p.c.s.i.TwitterKafkaProducer - Sending message='{"userId": 3420679453, "id": 1426069135822184452, "text": "RT @papakrab: เสือโคร่งในโลกมีสายพันธุ์ย่อย 9 ชนิด (subspecies) สูญพันธุ์ ไปแล้ว 3 ชนิด คือ Caspian, Bali และ Java ปัจจุบัน เหลือ 6 ชนิด มี\u2026", "createdAt": 1628836351000}' to topic 'twitter-topic'
2021-08-12 23:32:47 [Twitter4J Async Dispatcher[0]] INFO  c.m.d.t.t.k.s.l.TwitterKafkaStatusListener - Twitter status with textRT @papakrab: เสือโคร่งในโลกมีสายพันธุ์ย่อย 9 ชนิด (subspecies) สูญพันธุ์ ไปแล้ว 3 ชนิด คือ Caspian, Bali และ Java ปัจจุบัน เหลือ 6 ชนิด มี…
2021-08-12 23:32:47 [Twitter4J Async Dispatcher[0]] INFO  c.m.d.k.p.c.s.i.TwitterKafkaProducer - Sending message='{"userId": 3039067153, "id": 1426069180407681025, "text": "RT @papakrab: เสือโคร่งในโลกมีสายพันธุ์ย่อย 9 ชนิด (subspecies) สูญพันธุ์ ไปแล้ว 3 ชนิด คือ Caspian, Bali และ Java ปัจจุบัน เหลือ 6 ชนิด มี\u2026", "createdAt": 1628836362000}' to topic 'twitter-topic'
2021-08-12 23:32:49 [Twitter4J Async Dispatcher[0]] INFO  c.m.d.t.t.k.s.l.TwitterKafkaStatusListener - Twitter status with textRT @papakrab: เสือโคร่งในโลกมีสายพันธุ์ย่อย 9 ชนิด (subspecies) สูญพันธุ์ ไปแล้ว 3 ชนิด คือ Caspian, Bali และ Java ปัจจุบัน เหลือ 6 ชนิด มี…
2021-08-12 23:32:49 [Twitter4J Async Dispatcher[0]] INFO  c.m.d.k.p.c.s.i.TwitterKafkaProducer - Sending message='{"userId": 4643486808, "id": 1426069187122716679, "text": "RT @papakrab: เสือโคร่งในโลกมีสายพันธุ์ย่อย 9 ชนิด (subspecies) สูญพันธุ์ ไปแล้ว 3 ชนิด คือ Caspian, Bali และ Java ปัจจุบัน เหลือ 6 ชนิด มี\u2026", "createdAt": 1628836363000}' to topic 'twitter-topic'
2021-08-12 23:32:49 [Twitter4J Async Dispatcher[0]] INFO  c.m.d.t.t.k.s.l.TwitterKafkaStatusListener - Twitter status with textRT @papakrab: เสือโคร่งในโลกมีสายพันธุ์ย่อย 9 ชนิด (subspecies) สูญพันธุ์ ไปแล้ว 3 ชนิด คือ Caspian, Bali และ Java ปัจจุบัน เหลือ 6 ชนิด มี…
2021-08-12 23:32:49 [Twitter4J Async Dispatcher[0]] INFO  c.m.d.k.p.c.s.i.TwitterKafkaProducer - Sending message='{"userId": 622652006, "id": 1426069191161909249, "text": "RT @papakrab: เสือโคร่งในโลกมีสายพันธุ์ย่อย 9 ชนิด (subspecies) สูญพันธุ์ ไปแล้ว 3 ชนิด คือ Caspian, Bali และ Java ปัจจุบัน เหลือ 6 ชนิด มี\u2026", "createdAt": 1628836364000}' to topic 'twitter-topic'
2021-08-12 23:32:52 [kafka-admin-client-thread | adminclient-1] INFO  o.a.kafka.common.utils.AppInfoParser - App info kafka.admin.client for adminclient-1 unregistered
2021-08-12 23:32:52 [kafka-admin-client-thread | adminclient-1] INFO  o.a.kafka.common.metrics.Metrics - Metrics scheduler closed
2021-08-12 23:32:52 [kafka-admin-client-thread | adminclient-1] INFO  o.a.kafka.common.metrics.Metrics - Closing reporter org.apache.kafka.common.metrics.JmxReporter
2021-08-12 23:32:52 [kafka-admin-client-thread | adminclient-1] INFO  o.a.kafka.common.metrics.Metrics - Metrics reporters closed
2021-08-12 23:32:52 [SpringApplicationShutdownHook] INFO  c.m.d.t.t.k.s.r.i.TwitterKafkaStreamRunner - closing twitter stream
2021-08-12 23:32:54 [SpringApplicationShutdownHook] INFO  c.m.d.k.p.c.s.i.TwitterKafkaProducer - Closing kafka producer
2021-08-12 23:32:54 [SpringApplicationShutdownHook] INFO  o.a.k.clients.producer.KafkaProducer - [Producer clientId=producer-1] Closing the Kafka producer with timeoutMillis = 30000 ms.
2021-08-12 23:32:54 [SpringApplicationShutdownHook] INFO  o.a.kafka.common.metrics.Metrics - Metrics scheduler closed
2021-08-12 23:32:54 [SpringApplicationShutdownHook] INFO  o.a.kafka.common.metrics.Metrics - Closing reporter org.apache.kafka.common.metrics.JmxReporter
2021-08-12 23:32:54 [SpringApplicationShutdownHook] INFO  o.a.kafka.common.metrics.Metrics - Metrics reporters closed
2021-08-12 23:32:54 [SpringApplicationShutdownHook] INFO  o.a.kafka.common.utils.AppInfoParser - App info kafka.producer for producer-1 unregistered
